Copyright 1986-2018 Xilinx, Inc. All Rights Reserved.
---------------------------------------------------------------------------------------------------------------------
| Tool Version : Vivado v.2018.3 (win64) Build 2405991 Thu Dec  6 23:38:27 MST 2018
| Date         : Fri Mar 28 23:23:44 2025
| Host         : b107_win7_64_PC running 64-bit major release  (build 9200)
| Command      : report_utilization -file Attention_top_utilization_synth.rpt -pb Attention_top_utilization_synth.pb
| Design       : Attention_top
| Device       : xczu9egffvb1156-2
| Design State : Synthesized
---------------------------------------------------------------------------------------------------------------------

Utilization Design Information

Table of Contents
-----------------
1. CLB Logic
1.1 Summary of Registers by Type
2. BLOCKRAM
3. ARITHMETIC
4. I/O
5. CLOCK
6. ADVANCED
7. CONFIGURATION
8. Primitives
9. Black Boxes
10. Instantiated Netlists

1. CLB Logic
------------

+-------------------------+-------+-------+-----------+-------+
|        Site Type        |  Used | Fixed | Available | Util% |
+-------------------------+-------+-------+-----------+-------+
| CLB LUTs*               | 11777 |     0 |    274080 |  4.30 |
|   LUT as Logic          | 11777 |     0 |    274080 |  4.30 |
|   LUT as Memory         |     0 |     0 |    144000 |  0.00 |
| CLB Registers           |  5120 |     0 |    548160 |  0.93 |
|   Register as Flip Flop |  5120 |     0 |    548160 |  0.93 |
|   Register as Latch     |     0 |     0 |    548160 |  0.00 |
| CARRY8                  |  1496 |     0 |     34260 |  4.37 |
| F7 Muxes                |     0 |     0 |    137040 |  0.00 |
| F8 Muxes                |     0 |     0 |     68520 |  0.00 |
| F9 Muxes                |     0 |     0 |     34260 |  0.00 |
+-------------------------+-------+-------+-----------+-------+
* Warning! The Final LUT count, after physical optimizations and full implementation, is typically lower. Run opt_design after synthesis, if not already completed, for a more realistic count.


1.1 Summary of Registers by Type
--------------------------------

+-------+--------------+-------------+--------------+
| Total | Clock Enable | Synchronous | Asynchronous |
+-------+--------------+-------------+--------------+
| 0     |            _ |           - |            - |
| 0     |            _ |           - |          Set |
| 0     |            _ |           - |        Reset |
| 0     |            _ |         Set |            - |
| 0     |            _ |       Reset |            - |
| 0     |          Yes |           - |            - |
| 0     |          Yes |           - |          Set |
| 5120  |          Yes |           - |        Reset |
| 0     |          Yes |         Set |            - |
| 0     |          Yes |       Reset |            - |
+-------+--------------+-------------+--------------+


2. BLOCKRAM
-----------

+----------------+------+-------+-----------+-------+
|    Site Type   | Used | Fixed | Available | Util% |
+----------------+------+-------+-----------+-------+
| Block RAM Tile |    0 |     0 |       912 |  0.00 |
|   RAMB36/FIFO* |    0 |     0 |       912 |  0.00 |
|   RAMB18       |    0 |     0 |      1824 |  0.00 |
+----------------+------+-------+-----------+-------+
* Note: Each Block RAM Tile only has one FIFO logic available and therefore can accommodate only one FIFO36E2 or one FIFO18E2. However, if a FIFO18E2 occupies a Block RAM Tile, that tile can still accommodate a RAMB18E2


3. ARITHMETIC
-------------

+----------------+------+-------+-----------+-------+
|    Site Type   | Used | Fixed | Available | Util% |
+----------------+------+-------+-----------+-------+
| DSPs           |  704 |     0 |      2520 | 27.94 |
|   DSP48E2 only |  704 |       |           |       |
+----------------+------+-------+-----------+-------+


4. I/O
------

+------------+------+-------+-----------+--------+
|  Site Type | Used | Fixed | Available |  Util% |
+------------+------+-------+-----------+--------+
| Bonded IOB | 2050 |     0 |       328 | 625.00 |
+------------+------+-------+-----------+--------+


5. CLOCK
--------

+----------------------+------+-------+-----------+-------+
|       Site Type      | Used | Fixed | Available | Util% |
+----------------------+------+-------+-----------+-------+
| GLOBAL CLOCK BUFFERs |    1 |     0 |       404 |  0.25 |
|   BUFGCE             |    1 |     0 |       116 |  0.86 |
|   BUFGCE_DIV         |    0 |     0 |        16 |  0.00 |
|   BUFG_GT            |    0 |     0 |       168 |  0.00 |
|   BUFG_PS            |    0 |     0 |        72 |  0.00 |
|   BUFGCTRL*          |    0 |     0 |        32 |  0.00 |
| PLL                  |    0 |     0 |         8 |  0.00 |
| MMCM                 |    0 |     0 |         4 |  0.00 |
+----------------------+------+-------+-----------+-------+
* Note: Each used BUFGCTRL counts as two global buffer resources. This table does not include global clocking resources, only buffer cell usage. See the Clock Utilization Report (report_clock_utilization) for detailed accounting of global clocking resource availability.


6. ADVANCED
-----------

+-----------------+------+-------+-----------+-------+
|    Site Type    | Used | Fixed | Available | Util% |
+-----------------+------+-------+-----------+-------+
| GTHE4_CHANNEL   |    0 |     0 |        24 |  0.00 |
| GTHE4_COMMON    |    0 |     0 |         6 |  0.00 |
| OBUFDS_GTE4     |    0 |     0 |        12 |  0.00 |
| OBUFDS_GTE4_ADV |    0 |     0 |        12 |  0.00 |
| PS8             |    0 |     0 |         1 |  0.00 |
| SYSMONE4        |    0 |     0 |         1 |  0.00 |
+-----------------+------+-------+-----------+-------+


7. CONFIGURATION
----------------

+-------------+------+-------+-----------+-------+
|  Site Type  | Used | Fixed | Available | Util% |
+-------------+------+-------+-----------+-------+
| BSCANE2     |    0 |     0 |         4 |  0.00 |
| DNA_PORTE2  |    0 |     0 |         1 |  0.00 |
| EFUSE_USR   |    0 |     0 |         1 |  0.00 |
| FRAME_ECCE4 |    0 |     0 |         1 |  0.00 |
| ICAPE3      |    0 |     0 |         2 |  0.00 |
| MASTER_JTAG |    0 |     0 |         1 |  0.00 |
| STARTUPE3   |    0 |     0 |         1 |  0.00 |
+-------------+------+-------+-----------+-------+


8. Primitives
-------------

+----------+------+---------------------+
| Ref Name | Used | Functional Category |
+----------+------+---------------------+
| LUT2     | 6272 |                 CLB |
| FDCE     | 5120 |            Register |
| LUT6     | 3424 |                 CLB |
| LUT4     | 1792 |                 CLB |
| INBUF    | 1538 |                 I/O |
| IBUFCTRL | 1538 |              Others |
| CARRY8   | 1496 |                 CLB |
| DSP48E2  |  704 |          Arithmetic |
| OBUF     |  512 |                 I/O |
| LUT3     |  512 |                 CLB |
| LUT5     |  480 |                 CLB |
| LUT1     |    1 |                 CLB |
| BUFGCE   |    1 |               Clock |
+----------+------+---------------------+


9. Black Boxes
--------------

+----------+------+
| Ref Name | Used |
+----------+------+


10. Instantiated Netlists
-------------------------

+----------+------+
| Ref Name | Used |
+----------+------+


